method = sample (Default)
  sample
    num_samples = 1200
    num_warmup = 1000 (Default)
    save_warmup = 0 (Default)
    thin = 2
    adapt
      engaged = 1 (Default)
      gamma = 0.050000000000000003 (Default)
      delta = 0.80000000000000004 (Default)
      kappa = 0.75 (Default)
      t0 = 10 (Default)
      init_buffer = 75 (Default)
      term_buffer = 50 (Default)
      window = 25 (Default)
    algorithm = hmc (Default)
      hmc
        engine = nuts (Default)
          nuts
            max_depth = 10 (Default)
        metric = diag_e (Default)
        metric_file =  (Default)
        stepsize = 1 (Default)
        stepsize_jitter = 1
id = 1
data
  file = noname_1.data.R
init = 2 (Default)
random
  seed = 215976432
output
  file = noname_samples_1.csv
  diagnostic_file =  (Default)
  refresh = 100 (Default)


Gradient evaluation took 1e-05 seconds
1000 transitions using 10 leapfrog steps per transition would take 0.1 seconds.
Adjust your expectations accordingly!


Iteration:    1 / 2200 [  0%]  (Warmup)
Iteration:  100 / 2200 [  4%]  (Warmup)
method = sample (Default)
  sample
    num_samples = 1200
    num_warmup = 1000 (Default)
    save_warmup = 0 (Default)
    thin = 2
    adapt
      engaged = 1 (Default)
      gamma = 0.050000000000000003 (Default)
      delta = 0.80000000000000004 (Default)
      kappa = 0.75 (Default)
      t0 = 10 (Default)
      init_buffer = 75 (Default)
      term_buffer = 50 (Default)
      window = 25 (Default)
    algorithm = hmc (Default)
      hmc
        engine = nuts (Default)
          nuts
            max_depth = 10 (Default)
        metric = diag_e (Default)
        metric_file =  (Default)
        stepsize = 1 (Default)
        stepsize_jitter = 1
id = 2
data
  file = noname_2.data.R
init = 2 (Default)
random
  seed = 215976433
output
  file = noname_samples_2.csv
  diagnostic_file =  (Default)
  refresh = 100 (Default)

Iteration:  200 / 2200 [  9%]  (Warmup)

Gradient evaluation took 1.1e-05 seconds
1000 transitions using 10 leapfrog steps per transition would take 0.11 seconds.
Adjust your expectations accordingly!


Iteration:    1 / 2200 [  0%]  (Warmup)
Iteration:  300 / 2200 [ 13%]  (Warmup)
Iteration:  100 / 2200 [  4%]  (Warmup)
method = sample (Default)
  sample
    num_samples = 1200
    num_warmup = 1000 (Default)
    save_warmup = 0 (Default)
    thin = 2
    adapt
Iteration:  400 / 2200 [ 18%]  (Warmup)
      engaged = 1 (Default)
      gamma = 0.050000000000000003 (Default)
      delta = 0.80000000000000004 (Default)
      kappa = 0.75 (Default)
      t0 = 10 (Default)
      init_buffer = 75 (Default)
      term_buffer = 50 (Default)
      window = 25 (Default)
    algorithm = hmc (Default)
      hmc
        engine = nuts (Default)
          nuts
            max_depth = 10 (Default)
        metric = diag_e (Default)
        metric_file =  (Default)
        stepsize = 1 (Default)
        stepsize_jitter = 1
id = 3
data
  file = noname_3.data.R
init = 2 (Default)
random
  seed = 215976435
output
  file = noname_samples_3.csv
  diagnostic_file =  (Default)
  refresh = 100 (Default)


Gradient evaluation took 1e-05 seconds
1000 transitions using 10 leapfrog steps per transition would take 0.1 seconds.
Adjust your expectations accordingly!


Iteration:  200 / 2200 [  9%]  (Warmup)
Iteration:  500 / 2200 [ 22%]  (Warmup)
Iteration:    1 / 2200 [  0%]  (Warmup)
Iteration:  600 / 2200 [ 27%]  (Warmup)
Iteration:  300 / 2200 [ 13%]  (Warmup)
Iteration:  100 / 2200 [  4%]  (Warmup)
method = sample (Default)
  sample
    num_samples = 1200
    num_warmup = 1000 (Default)
    save_warmup = 0 (Default)
    thin = 2
    adapt
      engaged = 1 (Default)
      gamma = 0.050000000000000003 (Default)
      delta = 0.80000000000000004 (Default)
      kappa = 0.75 (Default)
      t0 = 10 (Default)
      init_buffer = 75 (Default)
      term_buffer = 50 (Default)
      window = 25 (Default)
    algorithm = hmc (Default)
      hmc
        engine = nuts (Default)
          nuts
            max_depth = 10 (Default)
        metric = diag_e (Default)
        metric_file =  (Default)
        stepsize = 1 (Default)
        stepsize_jitter = 1
id = 4
data
  file = noname_4.data.R
init = 2 (Default)
random
  seed = 215976437
output
  file = noname_samples_4.csv
  diagnostic_file =  (Default)
  refresh = 100 (Default)

Iteration:  700 / 2200 [ 31%]  (Warmup)
Iteration:  400 / 2200 [ 18%]  (Warmup)

Gradient evaluation took 9e-06 seconds
1000 transitions using 10 leapfrog steps per transition would take 0.09 seconds.
Adjust your expectations accordingly!


Iteration:  200 / 2200 [  9%]  (Warmup)
Iteration:    1 / 2200 [  0%]  (Warmup)
Iteration:  800 / 2200 [ 36%]  (Warmup)
Iteration:  500 / 2200 [ 22%]  (Warmup)
Iteration:  100 / 2200 [  4%]  (Warmup)
Iteration:  900 / 2200 [ 40%]  (Warmup)
Iteration:  300 / 2200 [ 13%]  (Warmup)
Iteration:  600 / 2200 [ 27%]  (Warmup)
Iteration:  200 / 2200 [  9%]  (Warmup)
Iteration:  400 / 2200 [ 18%]  (Warmup)
Iteration: 1000 / 2200 [ 45%]  (Warmup)
Iteration: 1001 / 2200 [ 45%]  (Sampling)
Iteration:  700 / 2200 [ 31%]  (Warmup)
Iteration:  300 / 2200 [ 13%]  (Warmup)
Iteration:  500 / 2200 [ 22%]  (Warmup)
Iteration:  800 / 2200 [ 36%]  (Warmup)
Iteration: 1100 / 2200 [ 50%]  (Sampling)
Iteration:  400 / 2200 [ 18%]  (Warmup)
Iteration:  900 / 2200 [ 40%]  (Warmup)
Iteration:  600 / 2200 [ 27%]  (Warmup)
Iteration: 1000 / 2200 [ 45%]  (Warmup)
Iteration:  700 / 2200 [ 31%]  (Warmup)
Iteration: 1001 / 2200 [ 45%]  (Sampling)
Iteration:  500 / 2200 [ 22%]  (Warmup)
Iteration: 1200 / 2200 [ 54%]  (Sampling)
Iteration:  800 / 2200 [ 36%]  (Warmup)
Iteration:  600 / 2200 [ 27%]  (Warmup)
Iteration:  900 / 2200 [ 40%]  (Warmup)
Iteration: 1100 / 2200 [ 50%]  (Sampling)
Iteration:  700 / 2200 [ 31%]  (Warmup)
Iteration: 1300 / 2200 [ 59%]  (Sampling)
Iteration:  800 / 2200 [ 36%]  (Warmup)
Iteration: 1000 / 2200 [ 45%]  (Warmup)
Iteration: 1001 / 2200 [ 45%]  (Sampling)
Iteration: 1400 / 2200 [ 63%]  (Sampling)
Iteration:  900 / 2200 [ 40%]  (Warmup)
Iteration: 1200 / 2200 [ 54%]  (Sampling)
Iteration: 1000 / 2200 [ 45%]  (Warmup)
Iteration: 1001 / 2200 [ 45%]  (Sampling)
Iteration: 1100 / 2200 [ 50%]  (Sampling)
Iteration: 1300 / 2200 [ 59%]  (Sampling)
Iteration: 1500 / 2200 [ 68%]  (Sampling)
Iteration: 1200 / 2200 [ 54%]  (Sampling)
Iteration: 1600 / 2200 [ 72%]  (Sampling)
Iteration: 1100 / 2200 [ 50%]  (Sampling)
Iteration: 1400 / 2200 [ 63%]  (Sampling)
Iteration: 1300 / 2200 [ 59%]  (Sampling)
Iteration: 1200 / 2200 [ 54%]  (Sampling)
Iteration: 1700 / 2200 [ 77%]  (Sampling)
Iteration: 1500 / 2200 [ 68%]  (Sampling)
Iteration: 1400 / 2200 [ 63%]  (Sampling)
Iteration: 1600 / 2200 [ 72%]  (Sampling)
Iteration: 1800 / 2200 [ 81%]  (Sampling)
Iteration: 1300 / 2200 [ 59%]  (Sampling)
Iteration: 1500 / 2200 [ 68%]  (Sampling)
Iteration: 1700 / 2200 [ 77%]  (Sampling)
Iteration: 1900 / 2200 [ 86%]  (Sampling)
Iteration: 1400 / 2200 [ 63%]  (Sampling)
Iteration: 1600 / 2200 [ 72%]  (Sampling)
Iteration: 1800 / 2200 [ 81%]  (Sampling)
Iteration: 2000 / 2200 [ 90%]  (Sampling)
Iteration: 1500 / 2200 [ 68%]  (Sampling)
Iteration: 1700 / 2200 [ 77%]  (Sampling)
Iteration: 1900 / 2200 [ 86%]  (Sampling)
Iteration: 1600 / 2200 [ 72%]  (Sampling)
Iteration: 1800 / 2200 [ 81%]  (Sampling)
Iteration: 2100 / 2200 [ 95%]  (Sampling)
Iteration: 1700 / 2200 [ 77%]  (Sampling)
Iteration: 2000 / 2200 [ 90%]  (Sampling)
Iteration: 1900 / 2200 [ 86%]  (Sampling)
Iteration: 2200 / 2200 [100%]  (Sampling)

 Elapsed Time: 0.006771 seconds (Warm-up)
               0.014224 seconds (Sampling)
               0.020995 seconds (Total)

Iteration: 1800 / 2200 [ 81%]  (Sampling)
Iteration: 2000 / 2200 [ 90%]  (Sampling)
Iteration: 2100 / 2200 [ 95%]  (Sampling)
Iteration: 1900 / 2200 [ 86%]  (Sampling)
Iteration: 2100 / 2200 [ 95%]  (Sampling)
Iteration: 2200 / 2200 [100%]  (Sampling)

 Elapsed Time: 0.006719 seconds (Warm-up)
               0.013926 seconds (Sampling)
               0.020645 seconds (Total)

Iteration: 2000 / 2200 [ 90%]  (Sampling)
Iteration: 2200 / 2200 [100%]  (Sampling)

 Elapsed Time: 0.006976 seconds (Warm-up)
               0.013086 seconds (Sampling)
               0.020062 seconds (Total)

Iteration: 2100 / 2200 [ 95%]  (Sampling)
Iteration: 2200 / 2200 [100%]  (Sampling)

 Elapsed Time: 0.006759 seconds (Warm-up)
               0.01338 seconds (Sampling)
               0.020139 seconds (Total)

